# JRE version: OpenJDK Runtime Environment (17.0.6) (build 17.0.6+0-b2043.56-10027231)
# Java VM: OpenJDK 64-Bit Server VM (17.0.6+0-b2043.56-10027231, mixed mode, tiered, compressed oops, compressed class ptrs, g1 gc, windows-amd64)
GC Precious Log:
 CPUs: 12 total, 12 available
 Memory: 8042M
 Large Page Support: Disabled
 NUMA Support: Disabled
 Compressed Oops: Enabled (32-bit)
 Heap Region Size: 1M
 Heap Min Capacity: 8M
 Heap Initial Capacity: 126M
 Heap Max Capacity: 2G
 Pre-touch: Disabled
 Parallel Workers: 10
 Concurrent Workers: 3
 Concurrent Refinement Workers: 10
 Periodic GC: Disabled
Heap:
 garbage-first heap   total 129024K, used 53823K [0x0000000080000000, 0x0000000100000000)
  region size 1024K, 1 young (1024K), 1 survivors (1024K)
 Metaspace       used 58634K, committed 59264K, reserved 1105920K
  class space    used 7995K, committed 8320K, reserved 1048576K
GC Heap History (20 events):
Event: 6.600 GC heap after
{Heap after GC invocations=11 (full 0):
 garbage-first heap   total 82944K, used 38028K [0x0000000080000000, 0x0000000100000000)
  region size 1024K, 4 young (4096K), 4 survivors (4096K)
 Metaspace       used 48789K, committed 49280K, reserved 1097728K
  class space    used 6460K, committed 6720K, reserved 1048576K
}
Event: 7.040 GC heap before
{Heap before GC invocations=11 (full 0):
 garbage-first heap   total 82944K, used 61580K [0x0000000080000000, 0x0000000100000000)
  region size 1024K, 27 young (27648K), 4 survivors (4096K)
 Metaspace       used 51651K, committed 52160K, reserved 1097728K
  class space    used 6848K, committed 7104K, reserved 1048576K
}
Event: 7.047 GC heap after
{Heap after GC invocations=12 (full 0):
 garbage-first heap   total 82944K, used 41615K [0x0000000080000000, 0x0000000100000000)
  region size 1024K, 4 young (4096K), 4 survivors (4096K)
 Metaspace       used 51651K, committed 52160K, reserved 1097728K
  class space    used 6848K, committed 7104K, reserved 1048576K
}
Event: 7.338 GC heap before
{Heap before GC invocations=12 (full 0):
 garbage-first heap   total 82944K, used 63119K [0x0000000080000000, 0x0000000100000000)
  region size 1024K, 25 young (25600K), 4 survivors (4096K)
 Metaspace       used 53440K, committed 53952K, reserved 1097728K
  class space    used 7111K, committed 7360K, reserved 1048576K
}
Event: 7.342 GC heap after
{Heap after GC invocations=13 (full 0):
 garbage-first heap   total 82944K, used 43846K [0x0000000080000000, 0x0000000100000000)
  region size 1024K, 3 young (3072K), 3 survivors (3072K)
 Metaspace       used 53440K, committed 53952K, reserved 1097728K
  class space    used 7111K, committed 7360K, reserved 1048576K
}
Event: 7.637 GC heap before
{Heap before GC invocations=14 (full 0):
 garbage-first heap   total 82944K, used 63302K [0x0000000080000000, 0x0000000100000000)
  region size 1024K, 22 young (22528K), 3 survivors (3072K)
 Metaspace       used 55506K, committed 56064K, reserved 1097728K
  class space    used 7483K, committed 7744K, reserved 1048576K
}
Event: 7.641 GC heap after
{Heap after GC invocations=15 (full 0):
 garbage-first heap   total 82944K, used 45385K [0x0000000080000000, 0x0000000100000000)
  region size 1024K, 2 young (2048K), 2 survivors (2048K)
 Metaspace       used 55506K, committed 56064K, reserved 1097728K
  class space    used 7483K, committed 7744K, reserved 1048576K
}
Event: 7.665 GC heap before
{Heap before GC invocations=15 (full 0):
 garbage-first heap   total 82944K, used 47433K [0x0000000080000000, 0x0000000100000000)
  region size 1024K, 4 young (4096K), 2 survivors (2048K)
 Metaspace       used 55709K, committed 56256K, reserved 1097728K
  class space    used 7530K, committed 7808K, reserved 1048576K
}
Event: 7.668 GC heap after
{Heap after GC invocations=16 (full 0):
 garbage-first heap   total 100352K, used 45692K [0x0000000080000000, 0x0000000100000000)
  region size 1024K, 1 young (1024K), 1 survivors (1024K)
 Metaspace       used 55709K, committed 56256K, reserved 1097728K
  class space    used 7530K, committed 7808K, reserved 1048576K
}
Event: 8.194 GC heap before
{Heap before GC invocations=16 (full 0):
 garbage-first heap   total 100352K, used 75388K [0x0000000080000000, 0x0000000100000000)
  region size 1024K, 31 young (31744K), 1 survivors (1024K)
 Metaspace       used 57862K, committed 58496K, reserved 1105920K
  class space    used 7973K, committed 8256K, reserved 1048576K
}
Event: 8.204 GC heap after
{Heap after GC invocations=17 (full 0):
 garbage-first heap   total 100352K, used 49705K [0x0000000080000000, 0x0000000100000000)
  region size 1024K, 4 young (4096K), 4 survivors (4096K)
 Metaspace       used 57862K, committed 58496K, reserved 1105920K
  class space    used 7973K, committed 8256K, reserved 1048576K
}
Event: 8.566 GC heap before
{Heap before GC invocations=18 (full 0):
 garbage-first heap   total 100352K, used 77353K [0x0000000080000000, 0x0000000100000000)
  region size 1024K, 32 young (32768K), 4 survivors (4096K)
 Metaspace       used 58179K, committed 58816K, reserved 1105920K
  class space    used 7994K, committed 8320K, reserved 1048576K
}
Event: 8.571 GC heap after
{Heap after GC invocations=19 (full 0):
 garbage-first heap   total 100352K, used 51594K [0x0000000080000000, 0x0000000100000000)
  region size 1024K, 2 young (2048K), 2 survivors (2048K)
 Metaspace       used 58179K, committed 58816K, reserved 1105920K
  class space    used 7994K, committed 8320K, reserved 1048576K
}
Event: 8.614 GC heap before
{Heap before GC invocations=19 (full 0):
 garbage-first heap   total 100352K, used 53642K [0x0000000080000000, 0x0000000100000000)
  region size 1024K, 4 young (4096K), 2 survivors (2048K)
 Metaspace       used 58205K, committed 58816K, reserved 1105920K
  class space    used 7994K, committed 8320K, reserved 1048576K
}
Event: 8.616 GC heap after
{Heap after GC invocations=20 (full 0):
 garbage-first heap   total 100352K, used 51157K [0x0000000080000000, 0x0000000100000000)
  region size 1024K, 1 young (1024K), 1 survivors (1024K)
 Metaspace       used 58205K, committed 58816K, reserved 1105920K
  class space    used 7994K, committed 8320K, reserved 1048576K
}
Event: 8.863 GC heap before
{Heap before GC invocations=20 (full 0):
 garbage-first heap   total 100352K, used 78805K [0x0000000080000000, 0x0000000100000000)
  region size 1024K, 29 young (29696K), 1 survivors (1024K)
 Metaspace       used 58451K, committed 59072K, reserved 1105920K
  class space    used 7995K, committed 8320K, reserved 1048576K
}
Event: 8.866 GC heap after
{Heap after GC invocations=21 (full 0):
 garbage-first heap   total 100352K, used 52586K [0x0000000080000000, 0x0000000100000000)
  region size 1024K, 2 young (2048K), 2 survivors (2048K)
 Metaspace       used 58451K, committed 59072K, reserved 1105920K
  class space    used 7995K, committed 8320K, reserved 1048576K
}
Event: 9.056 GC heap before
{Heap before GC invocations=22 (full 0):
 garbage-first heap   total 102400K, used 80234K [0x0000000080000000, 0x0000000100000000)
  region size 1024K, 30 young (30720K), 2 survivors (2048K)
 Metaspace       used 58632K, committed 59264K, reserved 1105920K
  class space    used 7995K, committed 8320K, reserved 1048576K
}
Event: 9.061 GC heap after
{Heap after GC invocations=23 (full 0):
 garbage-first heap   total 102400K, used 54051K [0x0000000080000000, 0x0000000100000000)
  region size 1024K, 4 young (4096K), 4 survivors (4096K)
 Metaspace       used 58632K, committed 59264K, reserved 1105920K
  class space    used 7995K, committed 8320K, reserved 1048576K
}
Event: 9.065 GC heap before
{Heap before GC invocations=23 (full 0):
 garbage-first heap   total 102400K, used 55075K [0x0000000080000000, 0x0000000100000000)
  region size 1024K, 5 young (5120K), 4 survivors (4096K)
 Metaspace       used 58634K, committed 59264K, reserved 1105920K
  class space    used 7995K, committed 8320K, reserved 1048576K
}

