# JRE version: OpenJDK Runtime Environment (17.0.6) (build 17.0.6+0-b2043.56-10027231)
# Java VM: OpenJDK 64-Bit Server VM (17.0.6+0-b2043.56-10027231, mixed mode, tiered, compressed oops, compressed class ptrs, g1 gc, windows-amd64)
GC Precious Log:
 CPUs: 12 total, 12 available
 Memory: 8042M
 Large Page Support: Disabled
 NUMA Support: Disabled
 Compressed Oops: Enabled (32-bit)
 Heap Region Size: 1M
 Heap Min Capacity: 8M
 Heap Initial Capacity: 126M
 Heap Max Capacity: 2G
 Pre-touch: Disabled
 Parallel Workers: 10
 Concurrent Workers: 3
 Concurrent Refinement Workers: 10
 Periodic GC: Disabled
Heap:
 garbage-first heap   total 135168K, used 84609K [0x0000000080000000, 0x0000000100000000)
  region size 1024K, 27 young (27648K), 7 survivors (7168K)
 Metaspace       used 68147K, committed 68800K, reserved 1114112K
  class space    used 9197K, committed 9536K, reserved 1048576K
GC Heap History (20 events):
Event: 11.902 GC heap before
{Heap before GC invocations=17 (full 0):
 garbage-first heap   total 82944K, used 64432K [0x0000000080000000, 0x0000000100000000)
  region size 1024K, 21 young (21504K), 1 survivors (1024K)
 Metaspace       used 57679K, committed 58304K, reserved 1105920K
  class space    used 7963K, committed 8256K, reserved 1048576K
}
Event: 11.907 GC heap after
{Heap after GC invocations=18 (full 0):
 garbage-first heap   total 82944K, used 47594K [0x0000000080000000, 0x0000000100000000)
  region size 1024K, 3 young (3072K), 3 survivors (3072K)
 Metaspace       used 57679K, committed 58304K, reserved 1105920K
  class space    used 7963K, committed 8256K, reserved 1048576K
}
Event: 12.104 GC heap before
{Heap before GC invocations=19 (full 0):
 garbage-first heap   total 87040K, used 66026K [0x0000000080000000, 0x0000000100000000)
  region size 1024K, 21 young (21504K), 3 survivors (3072K)
 Metaspace       used 58129K, committed 58752K, reserved 1105920K
  class space    used 8027K, committed 8384K, reserved 1048576K
}
Event: 12.109 GC heap after
{Heap after GC invocations=20 (full 0):
 garbage-first heap   total 87040K, used 49403K [0x0000000080000000, 0x0000000100000000)
  region size 1024K, 2 young (2048K), 2 survivors (2048K)
 Metaspace       used 58129K, committed 58752K, reserved 1105920K
  class space    used 8027K, committed 8384K, reserved 1048576K
}
Event: 12.124 GC heap before
{Heap before GC invocations=20 (full 0):
 garbage-first heap   total 87040K, used 50427K [0x0000000080000000, 0x0000000100000000)
  region size 1024K, 4 young (4096K), 2 survivors (2048K)
 Metaspace       used 58147K, committed 58752K, reserved 1105920K
  class space    used 8029K, committed 8384K, reserved 1048576K
}
Event: 12.127 GC heap after
{Heap after GC invocations=21 (full 0):
 garbage-first heap   total 87040K, used 49319K [0x0000000080000000, 0x0000000100000000)
  region size 1024K, 1 young (1024K), 1 survivors (1024K)
 Metaspace       used 58147K, committed 58752K, reserved 1105920K
  class space    used 8029K, committed 8384K, reserved 1048576K
}
Event: 12.366 GC heap before
{Heap before GC invocations=21 (full 0):
 garbage-first heap   total 87040K, used 68775K [0x0000000080000000, 0x0000000100000000)
  region size 1024K, 21 young (21504K), 1 survivors (1024K)
 Metaspace       used 58339K, committed 59008K, reserved 1105920K
  class space    used 8041K, committed 8384K, reserved 1048576K
}
Event: 12.368 GC heap after
{Heap after GC invocations=22 (full 0):
 garbage-first heap   total 135168K, used 50497K [0x0000000080000000, 0x0000000100000000)
  region size 1024K, 2 young (2048K), 2 survivors (2048K)
 Metaspace       used 58339K, committed 59008K, reserved 1105920K
  class space    used 8041K, committed 8384K, reserved 1048576K
}
Event: 13.311 GC heap before
{Heap before GC invocations=23 (full 0):
 garbage-first heap   total 135168K, used 102721K [0x0000000080000000, 0x0000000100000000)
  region size 1024K, 54 young (55296K), 2 survivors (2048K)
 Metaspace       used 58868K, committed 59520K, reserved 1105920K
  class space    used 8042K, committed 8384K, reserved 1048576K
}
Event: 13.316 GC heap after
{Heap after GC invocations=24 (full 0):
 garbage-first heap   total 135168K, used 53222K [0x0000000080000000, 0x0000000100000000)
  region size 1024K, 5 young (5120K), 5 survivors (5120K)
 Metaspace       used 58868K, committed 59520K, reserved 1105920K
  class space    used 8042K, committed 8384K, reserved 1048576K
}
Event: 13.343 GC heap before
{Heap before GC invocations=24 (full 0):
 garbage-first heap   total 135168K, used 54246K [0x0000000080000000, 0x0000000100000000)
  region size 1024K, 6 young (6144K), 5 survivors (5120K)
 Metaspace       used 58874K, committed 59520K, reserved 1105920K
  class space    used 8042K, committed 8384K, reserved 1048576K
}
Event: 13.351 GC heap after
{Heap after GC invocations=25 (full 0):
 garbage-first heap   total 135168K, used 53315K [0x0000000080000000, 0x0000000100000000)
  region size 1024K, 1 young (1024K), 1 survivors (1024K)
 Metaspace       used 58874K, committed 59520K, reserved 1105920K
  class space    used 8042K, committed 8384K, reserved 1048576K
}
Event: 14.033 GC heap before
{Heap before GC invocations=25 (full 0):
 garbage-first heap   total 135168K, used 104515K [0x0000000080000000, 0x0000000100000000)
  region size 1024K, 52 young (53248K), 1 survivors (1024K)
 Metaspace       used 58994K, committed 59648K, reserved 1105920K
  class space    used 8042K, committed 8384K, reserved 1048576K
}
Event: 14.036 GC heap after
{Heap after GC invocations=26 (full 0):
 garbage-first heap   total 135168K, used 55399K [0x0000000080000000, 0x0000000100000000)
  region size 1024K, 3 young (3072K), 3 survivors (3072K)
 Metaspace       used 58994K, committed 59648K, reserved 1105920K
  class space    used 8042K, committed 8384K, reserved 1048576K
}
Event: 14.978 GC heap before
{Heap before GC invocations=26 (full 0):
 garbage-first heap   total 135168K, used 106599K [0x0000000080000000, 0x0000000100000000)
  region size 1024K, 54 young (55296K), 3 survivors (3072K)
 Metaspace       used 60702K, committed 61312K, reserved 1105920K
  class space    used 8272K, committed 8576K, reserved 1048576K
}
Event: 14.983 GC heap after
{Heap after GC invocations=27 (full 0):
 garbage-first heap   total 135168K, used 58826K [0x0000000080000000, 0x0000000100000000)
  region size 1024K, 7 young (7168K), 7 survivors (7168K)
 Metaspace       used 60702K, committed 61312K, reserved 1105920K
  class space    used 8272K, committed 8576K, reserved 1048576K
}
Event: 17.071 GC heap before
{Heap before GC invocations=27 (full 0):
 garbage-first heap   total 135168K, used 106954K [0x0000000080000000, 0x0000000100000000)
  region size 1024K, 55 young (56320K), 7 survivors (7168K)
 Metaspace       used 64664K, committed 65280K, reserved 1105920K
  class space    used 8844K, committed 9152K, reserved 1048576K
}
Event: 17.076 GC heap after
{Heap after GC invocations=28 (full 0):
 garbage-first heap   total 135168K, used 62498K [0x0000000080000000, 0x0000000100000000)
  region size 1024K, 7 young (7168K), 7 survivors (7168K)
 Metaspace       used 64664K, committed 65280K, reserved 1105920K
  class space    used 8844K, committed 9152K, reserved 1048576K
}
Event: 18.233 GC heap before
{Heap before GC invocations=28 (full 0):
 garbage-first heap   total 135168K, used 109602K [0x0000000080000000, 0x0000000100000000)
  region size 1024K, 53 young (54272K), 7 survivors (7168K)
 Metaspace       used 67781K, committed 68416K, reserved 1114112K
  class space    used 9142K, committed 9472K, reserved 1048576K
}
Event: 18.240 GC heap after
{Heap after GC invocations=29 (full 0):
 garbage-first heap   total 135168K, used 66177K [0x0000000080000000, 0x0000000100000000)
  region size 1024K, 7 young (7168K), 7 survivors (7168K)
 Metaspace       used 67781K, committed 68416K, reserved 1114112K
  class space    used 9142K, committed 9472K, reserved 1048576K
}

